# Logfile created on 2015-03-30 22:05:01 +0900 by logger.rb/47272
2015-03-30T13:05:01.322Z 406 TID-bk3h4 INFO: Running in ruby 2.2.0p0 (2014-12-25 revision 49005) [x86_64-linux]
2015-03-30T13:05:01.322Z 406 TID-bk3h4 INFO: See LICENSE and the LGPL-3.0 for licensing details.
2015-03-30T13:05:01.322Z 406 TID-bk3h4 INFO: Upgrade to Sidekiq Pro for more features and support: http://sidekiq.org/pro
2015-03-30T13:05:01.322Z 406 TID-bk3h4 INFO: Booting Sidekiq 3.3.3 with redis options {}
2015-03-30T13:05:36.663Z 406 TID-bk3h4 INFO: Shutting down
2015-03-30T13:05:37.054Z 406 TID-ew43w INFO: Terminating 1 quiet workers
2015-03-30T13:05:37.196Z 502 TID-62x04 INFO: Running in ruby 2.2.0p0 (2014-12-25 revision 49005) [x86_64-linux]
2015-03-30T13:05:37.196Z 502 TID-62x04 INFO: See LICENSE and the LGPL-3.0 for licensing details.
2015-03-30T13:05:37.196Z 502 TID-62x04 INFO: Upgrade to Sidekiq Pro for more features and support: http://sidekiq.org/pro
2015-03-30T13:05:37.197Z 502 TID-62x04 INFO: Booting Sidekiq 3.3.3 with redis options {}
2015-03-30T13:06:02.247Z 502 TID-62x04 INFO: Shutting down
2015-03-30T13:06:03.060Z 502 TID-9eoks INFO: Terminating 1 quiet workers
2015-03-30T13:06:03.318Z 582 TID-47hqg INFO: Running in ruby 2.2.0p0 (2014-12-25 revision 49005) [x86_64-linux]
2015-03-30T13:06:03.323Z 582 TID-47hqg INFO: See LICENSE and the LGPL-3.0 for licensing details.
2015-03-30T13:06:03.323Z 582 TID-47hqg INFO: Upgrade to Sidekiq Pro for more features and support: http://sidekiq.org/pro
2015-03-30T13:06:03.323Z 582 TID-47hqg INFO: Booting Sidekiq 3.3.3 with redis options {}
2015-03-30T13:07:13.060Z 582 TID-47hqg INFO: Shutting down
2015-03-30T13:07:14.565Z 788 TID-24cd4 INFO: Running in ruby 2.2.0p0 (2014-12-25 revision 49005) [x86_64-linux]
2015-03-30T13:07:14.568Z 788 TID-24cd4 INFO: See LICENSE and the LGPL-3.0 for licensing details.
2015-03-30T13:07:14.568Z 788 TID-24cd4 INFO: Upgrade to Sidekiq Pro for more features and support: http://sidekiq.org/pro
2015-03-30T13:07:14.568Z 788 TID-24cd4 INFO: Booting Sidekiq 3.3.3 with redis options {}
2015-03-30T13:07:15.015Z 582 TID-7in1g INFO: Terminating 1 quiet workers
2015-03-30T13:07:29.668Z 788 TID-5ff14 Happy::Worker::XRPWait JID-1ef38bba0863d81ad08b7179 INFO: start
2015-03-30T13:07:29.675Z 788 TID-5ff14 Happy::Worker::XRPWait JID-1ef38bba0863d81ad08b7179 INFO: {"currency"=>"BTC", "counterparty"=>"rvYAfWj5gh67oV6fW32ZzP3Aw4Eubs59B"}, {"currency"=>"BTC", "counterparty"=>"rvYAfWj5gh67oV6fW32ZzP3Aw4Eubs59B"}
2015-03-30T13:07:29.677Z 788 TID-5ff14 Happy::Worker::XRPWait JID-1ef38bba0863d81ad08b7179 INFO: balance: 0.001+BTC+rvYAfWj5gh67oV6fW32ZzP3Aw4Eubs59B
2015-03-30T13:07:30.625Z 788 TID-5ff14 Happy::Worker::XRPWait JID-1ef38bba0863d81ad08b7179 INFO: done: 0.957 sec
2015-03-30T13:09:05.862Z 788 TID-24cd4 INFO: Shutting down
2015-03-30T13:09:06.063Z 788 TID-5ghck INFO: Terminating 1 quiet workers
2015-03-30T13:09:06.790Z 1143 TID-9asus INFO: Running in ruby 2.2.0p0 (2014-12-25 revision 49005) [x86_64-linux]
2015-03-30T13:09:06.791Z 1143 TID-9asus INFO: See LICENSE and the LGPL-3.0 for licensing details.
2015-03-30T13:09:06.791Z 1143 TID-9asus INFO: Upgrade to Sidekiq Pro for more features and support: http://sidekiq.org/pro
2015-03-30T13:09:06.791Z 1143 TID-9asus INFO: Booting Sidekiq 3.3.3 with redis options {}
2015-03-30T13:09:13.705Z 1143 TID-cluc0 Happy::Worker::XRP::Wait JID-73b0dc26091866e348c7af73 INFO: start
2015-03-30T13:09:13.712Z 1143 TID-cluc0 Happy::Worker::XRP::Wait JID-73b0dc26091866e348c7af73 INFO: {"currency"=>"BTC", "counterparty"=>"rvYAfWj5gh67oV6fW32ZzP3Aw4Eubs59B"}, {"currency"=>"BTC", "counterparty"=>"rvYAfWj5gh67oV6fW32ZzP3Aw4Eubs59B"}
2015-03-30T13:09:13.712Z 1143 TID-cluc0 Happy::Worker::XRP::Wait JID-73b0dc26091866e348c7af73 INFO: fail: 0.007 sec
2015-03-30T13:09:13.714Z 1143 TID-cluc0 WARN: {"retry"=>false, "queue"=>"xrp", "class"=>"Happy::Worker::XRP::Wait", "args"=>[{"@jobs"=>[], "@local"=>{"class"=>[[[{"currency"=>"BTC", "counterparty"=>"rvYAfWj5gh67oV6fW32ZzP3Aw4Eubs59B"}, {"currency"=>"BTC", "counterparty"=>"rvYAfWj5gh67oV6fW32ZzP3Aw4Eubs59B"}], "Happy::Worker::XRP::Wait"]], "balances"=>{"BTC+rvYAfWj5gh67oV6fW32ZzP3Aw4Eubs59B"=>{"currency"=>"BTC", "counterparty"=>"rvYAfWj5gh67oV6fW32ZzP3Aw4Eubs59B", "value"=>{"value"=>0.001, "raw"=>"0.1E-2"}}}}, "class"=>"Happy::Job"}, {"currency"=>"BTC", "counterparty"=>"rvYAfWj5gh67oV6fW32ZzP3Aw4Eubs59B"}, {"currency"=>"BTC", "counterparty"=>"rvYAfWj5gh67oV6fW32ZzP3Aw4Eubs59B"}], "jid"=>"73b0dc26091866e348c7af73", "enqueued_at"=>1427720953.702003}
2015-03-30T13:09:13.714Z 1143 TID-cluc0 WARN: uninitialized constant Happy::Worker::XRP::Information
2015-03-30T13:09:13.714Z 1143 TID-cluc0 WARN: /home/m/proj/happy_dev/lib/happy/worker/xrp.rb:10:in `perform_'
/home/m/proj/happy_dev/lib/happy/worker/base.rb:9:in `perform'
/home/m/.rvm/gems/ruby-2.2.0/gems/sidekiq-3.3.3/lib/sidekiq/processor.rb:75:in `execute_job'
/home/m/.rvm/gems/ruby-2.2.0/gems/sidekiq-3.3.3/lib/sidekiq/processor.rb:52:in `block (2 levels) in process'
/home/m/.rvm/gems/ruby-2.2.0/gems/sidekiq-3.3.3/lib/sidekiq/middleware/chain.rb:127:in `block in invoke'
/home/m/.rvm/gems/ruby-2.2.0/gems/sidekiq-3.3.3/lib/sidekiq/middleware/server/retry_jobs.rb:74:in `call'
/home/m/.rvm/gems/ruby-2.2.0/gems/sidekiq-3.3.3/lib/sidekiq/middleware/chain.rb:129:in `block in invoke'
/home/m/.rvm/gems/ruby-2.2.0/gems/sidekiq-3.3.3/lib/sidekiq/middleware/server/logging.rb:11:in `block in call'
/home/m/.rvm/gems/ruby-2.2.0/gems/sidekiq-3.3.3/lib/sidekiq/logging.rb:24:in `with_context'
/home/m/.rvm/gems/ruby-2.2.0/gems/sidekiq-3.3.3/lib/sidekiq/middleware/server/logging.rb:7:in `call'
/home/m/.rvm/gems/ruby-2.2.0/gems/sidekiq-3.3.3/lib/sidekiq/middleware/chain.rb:129:in `block in invoke'
/home/m/.rvm/gems/ruby-2.2.0/gems/sidekiq-3.3.3/lib/sidekiq/middleware/chain.rb:132:in `call'
/home/m/.rvm/gems/ruby-2.2.0/gems/sidekiq-3.3.3/lib/sidekiq/middleware/chain.rb:132:in `invoke'
/home/m/.rvm/gems/ruby-2.2.0/gems/sidekiq-3.3.3/lib/sidekiq/processor.rb:51:in `block in process'
/home/m/.rvm/gems/ruby-2.2.0/gems/sidekiq-3.3.3/lib/sidekiq/processor.rb:98:in `stats'
/home/m/.rvm/gems/ruby-2.2.0/gems/sidekiq-3.3.3/lib/sidekiq/processor.rb:50:in `process'
/home/m/.rvm/gems/ruby-2.2.0/gems/celluloid-0.16.0/lib/celluloid/calls.rb:26:in `public_send'
/home/m/.rvm/gems/ruby-2.2.0/gems/celluloid-0.16.0/lib/celluloid/calls.rb:26:in `dispatch'
/home/m/.rvm/gems/ruby-2.2.0/gems/celluloid-0.16.0/lib/celluloid/calls.rb:122:in `dispatch'
/home/m/.rvm/gems/ruby-2.2.0/gems/celluloid-0.16.0/lib/celluloid/cell.rb:60:in `block in invoke'
/home/m/.rvm/gems/ruby-2.2.0/gems/celluloid-0.16.0/lib/celluloid/cell.rb:71:in `block in task'
/home/m/.rvm/gems/ruby-2.2.0/gems/celluloid-0.16.0/lib/celluloid/actor.rb:357:in `block in task'
/home/m/.rvm/gems/ruby-2.2.0/gems/celluloid-0.16.0/lib/celluloid/tasks.rb:57:in `block in initialize'
/home/m/.rvm/gems/ruby-2.2.0/gems/celluloid-0.16.0/lib/celluloid/tasks/task_fiber.rb:15:in `block in create'
2015-03-30T13:10:00.403Z 1143 TID-9asus INFO: Shutting down
2015-03-30T13:10:01.031Z 1143 TID-cmjc0 INFO: Terminating 1 quiet workers
2015-03-30T13:10:01.464Z 1300 TID-51caw INFO: Running in ruby 2.2.0p0 (2014-12-25 revision 49005) [x86_64-linux]
2015-03-30T13:10:01.464Z 1300 TID-51caw INFO: See LICENSE and the LGPL-3.0 for licensing details.
2015-03-30T13:10:01.464Z 1300 TID-51caw INFO: Upgrade to Sidekiq Pro for more features and support: http://sidekiq.org/pro
2015-03-30T13:10:01.464Z 1300 TID-51caw INFO: Booting Sidekiq 3.3.3 with redis options {}
2015-03-30T13:10:02.513Z 1300 TID-8cbl8 Happy::Worker::XRP::Wait JID-0f0b52b47d60d1292b62805b INFO: start
2015-03-30T13:10:02.520Z 1300 TID-8cbl8 Happy::Worker::XRP::Wait JID-0f0b52b47d60d1292b62805b INFO: {"currency"=>"BTC", "counterparty"=>"rvYAfWj5gh67oV6fW32ZzP3Aw4Eubs59B"}, {"currency"=>"BTC", "counterparty"=>"rvYAfWj5gh67oV6fW32ZzP3Aw4Eubs59B"}
2015-03-30T13:10:02.522Z 1300 TID-8cbl8 Happy::Worker::XRP::Wait JID-0f0b52b47d60d1292b62805b INFO: balance: 0.001+BTC+rvYAfWj5gh67oV6fW32ZzP3Aw4Eubs59B
2015-03-30T13:10:04.401Z 1300 TID-8cbl8 Happy::Worker::XRP::Wait JID-0f0b52b47d60d1292b62805b INFO: done: 1.888 sec
2015-03-30T13:12:55.164Z 1300 TID-8cbl8 Happy::Worker::XRP::Wait JID-b728800e30a8b07ec5b3c7f3 INFO: start
2015-03-30T13:12:55.164Z 1300 TID-8cbl8 Happy::Worker::XRP::Wait JID-b728800e30a8b07ec5b3c7f3 INFO: {"currency"=>"BTC", "counterparty"=>"rvYAfWj5gh67oV6fW32ZzP3Aw4Eubs59B"}, {"currency"=>"BTC", "counterparty"=>"rvYAfWj5gh67oV6fW32ZzP3Aw4Eubs59B"}
2015-03-30T13:12:55.164Z 1300 TID-8cbl8 Happy::Worker::XRP::Wait JID-b728800e30a8b07ec5b3c7f3 INFO: balance: 0.001+BTC+rvYAfWj5gh67oV6fW32ZzP3Aw4Eubs59B
2015-03-30T13:12:56.931Z 1300 TID-8cbl8 Happy::Worker::XRP::Wait JID-b728800e30a8b07ec5b3c7f3 INFO: done: 1.767 sec
2015-03-30T13:13:00.217Z 1300 TID-51caw INFO: Shutting down
2015-03-30T13:13:00.763Z 1745 TID-9509c INFO: Running in ruby 2.2.0p0 (2014-12-25 revision 49005) [x86_64-linux]
2015-03-30T13:13:00.763Z 1745 TID-9509c INFO: See LICENSE and the LGPL-3.0 for licensing details.
2015-03-30T13:13:00.763Z 1745 TID-9509c INFO: Upgrade to Sidekiq Pro for more features and support: http://sidekiq.org/pro
2015-03-30T13:13:00.763Z 1745 TID-9509c INFO: Booting Sidekiq 3.3.3 with redis options {}
2015-03-30T13:13:02.076Z 1300 TID-8d0mw INFO: Terminating 1 quiet workers
2015-03-30T13:13:03.923Z 1745 TID-cfb0w Happy::Worker::XRP::Wait JID-5c194f1f4004b0ac0a006067 INFO: start
2015-03-30T13:13:03.926Z 1745 TID-cfb0w Happy::Worker::XRP::Wait JID-5c194f1f4004b0ac0a006067 INFO: {"currency"=>"BTC", "counterparty"=>"rvYAfWj5gh67oV6fW32ZzP3Aw4Eubs59B"}, {"currency"=>"BTC", "counterparty"=>"rvYAfWj5gh67oV6fW32ZzP3Aw4Eubs59B"}
2015-03-30T13:13:03.936Z 1745 TID-cfb0w Happy::Worker::XRP::Wait JID-5c194f1f4004b0ac0a006067 INFO: balance: 0.001+BTC+rvYAfWj5gh67oV6fW32ZzP3Aw4Eubs59B
2015-03-30T13:13:04.967Z 1745 TID-cfb0w Happy::Worker::XRP::Wait JID-5c194f1f4004b0ac0a006067 INFO: done: 1.043 sec
2015-03-30T13:15:19.320Z 1745 TID-cfb0w Happy::Worker::XRP::Wait JID-5b5e730b4160e155584b06f0 INFO: start
2015-03-30T13:15:19.320Z 1745 TID-cfb0w Happy::Worker::XRP::Wait JID-5b5e730b4160e155584b06f0 INFO: {"currency"=>"BTC", "counterparty"=>"rvYAfWj5gh67oV6fW32ZzP3Aw4Eubs59B"}, {"currency"=>"BTC", "counterparty"=>"rvYAfWj5gh67oV6fW32ZzP3Aw4Eubs59B"}
2015-03-30T13:15:19.320Z 1745 TID-cfb0w Happy::Worker::XRP::Wait JID-5b5e730b4160e155584b06f0 INFO: balance: 0.001+BTC+rvYAfWj5gh67oV6fW32ZzP3Aw4Eubs59B
2015-03-30T13:15:20.394Z 1745 TID-cfb0w Happy::Worker::XRP::Wait JID-5b5e730b4160e155584b06f0 INFO: done: 1.075 sec
2015-03-30T13:15:20.405Z 1745 TID-cfb0w Happy::Worker::XRP::Wait JID-f420488fa0c932ed0d14efd3 INFO: start
2015-03-30T13:15:20.405Z 1745 TID-cfb0w Happy::Worker::XRP::Wait JID-f420488fa0c932ed0d14efd3 INFO: {"currency"=>"BTC", "counterparty"=>"rvYAfWj5gh67oV6fW32ZzP3Aw4Eubs59B"}, {"currency"=>"BTC", "counterparty"=>"rvYAfWj5gh67oV6fW32ZzP3Aw4Eubs59B"}
2015-03-30T13:15:20.406Z 1745 TID-cfb0w Happy::Worker::XRP::Wait JID-f420488fa0c932ed0d14efd3 INFO: balance: 0.001+BTC+rvYAfWj5gh67oV6fW32ZzP3Aw4Eubs59B
2015-03-30T13:15:21.501Z 1745 TID-cfb0w Happy::Worker::XRP::Wait JID-f420488fa0c932ed0d14efd3 INFO: done: 1.096 sec
2015-03-30T13:15:45.981Z 1745 TID-9509c INFO: Shutting down
2015-03-30T13:15:46.600Z 2160 TID-bvic8 INFO: Running in ruby 2.2.0p0 (2014-12-25 revision 49005) [x86_64-linux]
2015-03-30T13:15:46.601Z 2160 TID-bvic8 INFO: See LICENSE and the LGPL-3.0 for licensing details.
2015-03-30T13:15:46.601Z 2160 TID-bvic8 INFO: Upgrade to Sidekiq Pro for more features and support: http://sidekiq.org/pro
2015-03-30T13:15:46.601Z 2160 TID-bvic8 INFO: Booting Sidekiq 3.3.3 with redis options {}
2015-03-30T13:15:47.064Z 1745 TID-cfyww INFO: Terminating 1 quiet workers
2015-03-30T13:15:49.121Z 2160 TID-f77q0 Happy::Worker::XRP::Wait JID-cdf3dae1c9ee870877d026d5 INFO: start
2015-03-30T13:15:49.128Z 2160 TID-f77q0 Happy::Worker::XRP::Wait JID-cdf3dae1c9ee870877d026d5 INFO: {"currency"=>"BTC", "counterparty"=>"rvYAfWj5gh67oV6fW32ZzP3Aw4Eubs59B"}, {"currency"=>"BTC", "counterparty"=>"rvYAfWj5gh67oV6fW32ZzP3Aw4Eubs59B"}
2015-03-30T13:15:49.130Z 2160 TID-f77q0 Happy::Worker::XRP::Wait JID-cdf3dae1c9ee870877d026d5 INFO: balance: 0.001+BTC+rvYAfWj5gh67oV6fW32ZzP3Aw4Eubs59B
2015-03-30T13:15:50.210Z 2160 TID-f77q0 Happy::Worker::XRP::Wait JID-cdf3dae1c9ee870877d026d5 INFO: balance: ["0.0005+BTC+rvYAfWj5gh67oV6fW32ZzP3Aw4Eubs59B"]
2015-03-30T13:15:50.214Z 2160 TID-f77q0 Happy::Worker::XRP::Wait JID-cdf3dae1c9ee870877d026d5 INFO: done: 1.094 sec
2015-03-30T13:15:50.224Z 2160 TID-f77q0 Happy::Worker::XRP::Wait JID-363070e60dad503eff818b52 INFO: start
2015-03-30T13:15:50.225Z 2160 TID-f77q0 Happy::Worker::XRP::Wait JID-363070e60dad503eff818b52 INFO: {"currency"=>"BTC", "counterparty"=>"rvYAfWj5gh67oV6fW32ZzP3Aw4Eubs59B"}, {"currency"=>"BTC", "counterparty"=>"rvYAfWj5gh67oV6fW32ZzP3Aw4Eubs59B"}
2015-03-30T13:15:50.226Z 2160 TID-f77q0 Happy::Worker::XRP::Wait JID-363070e60dad503eff818b52 INFO: balance: 0.0005+BTC+rvYAfWj5gh67oV6fW32ZzP3Aw4Eubs59B
2015-03-30T13:15:51.364Z 2160 TID-f77q0 Happy::Worker::XRP::Wait JID-363070e60dad503eff818b52 INFO: balance: ["0.00025+BTC+rvYAfWj5gh67oV6fW32ZzP3Aw4Eubs59B"]
2015-03-30T13:15:51.364Z 2160 TID-f77q0 Happy::Worker::XRP::Wait JID-363070e60dad503eff818b52 INFO: done: 1.14 sec
2015-03-30T13:21:51.705Z 2160 TID-bvic8 INFO: Shutting down
2015-03-30T13:21:52.221Z 2995 TID-66ye0 INFO: Running in ruby 2.2.0p0 (2014-12-25 revision 49005) [x86_64-linux]
2015-03-30T13:21:52.222Z 2995 TID-66ye0 INFO: See LICENSE and the LGPL-3.0 for licensing details.
2015-03-30T13:21:52.222Z 2995 TID-66ye0 INFO: Upgrade to Sidekiq Pro for more features and support: http://sidekiq.org/pro
2015-03-30T13:21:52.222Z 2995 TID-66ye0 INFO: Booting Sidekiq 3.3.3 with redis options {}
2015-03-30T13:21:53.066Z 2160 TID-f7nm8 INFO: Terminating 1 quiet workers
2015-03-30T13:21:53.989Z 2995 TID-9im5g Happy::Worker::XRP::Wait JID-76b85f21c3f01c32dda8a3e1 INFO: start
2015-03-30T13:21:53.997Z 2995 TID-9im5g Happy::Worker::XRP::Wait JID-76b85f21c3f01c32dda8a3e1 INFO: {"currency"=>"BTC", "counterparty"=>"rvYAfWj5gh67oV6fW32ZzP3Aw4Eubs59B"}, {"currency"=>"BTC", "counterparty"=>"rvYAfWj5gh67oV6fW32ZzP3Aw4Eubs59B"}
2015-03-30T13:21:53.999Z 2995 TID-9im5g Happy::Worker::XRP::Wait JID-76b85f21c3f01c32dda8a3e1 INFO: balance: 0.001+BTC+rvYAfWj5gh67oV6fW32ZzP3Aw4Eubs59B
2015-03-30T13:21:55.190Z 2995 TID-9im5g Happy::Worker::XRP::Wait JID-76b85f21c3f01c32dda8a3e1 INFO: done: 1.201 sec
2015-03-30T13:21:55.200Z 2995 TID-9im5g Happy::Worker::XRP::SimulatedExchange JID-91a1f1258e835cddab7d7f3c INFO: start
2015-03-30T13:21:55.264Z 2995 TID-9im5g Happy::Worker::XRP::SimulatedExchange JID-91a1f1258e835cddab7d7f3c INFO: fail: 0.064 sec
2015-03-30T13:21:55.266Z 2995 TID-9im5g WARN: {"retry"=>false, "queue"=>"xrp", "class"=>"Happy::Worker::XRP::SimulatedExchange", "args"=>[{"@jobs"=>[], "@local"=>{"class"=>[[[{"currency"=>"BTC", "counterparty"=>"rvYAfWj5gh67oV6fW32ZzP3Aw4Eubs59B"}, {"currency"=>"BTC", "counterparty"=>"rvYAfWj5gh67oV6fW32ZzP3Aw4Eubs59B"}], "Happy::Worker::XRP::Wait"], [[{"currency"=>"BTC", "counterparty"=>"rvYAfWj5gh67oV6fW32ZzP3Aw4Eubs59B"}, {"currency"=>"XRP", "counterparty"=>""}], "Happy::Worker::XRP::SimulatedExchange"]], "balances"=>{"BTC+rvYAfWj5gh67oV6fW32ZzP3Aw4Eubs59B"=>{"currency"=>"BTC", "counterparty"=>"rvYAfWj5gh67oV6fW32ZzP3Aw4Eubs59B", "value"=>{"value"=>0.0005, "raw"=>"0.5E-3"}}}}, "class"=>"Happy::Job"}, {"currency"=>"BTC", "counterparty"=>"rvYAfWj5gh67oV6fW32ZzP3Aw4Eubs59B"}, {"currency"=>"XRP", "counterparty"=>""}], "jid"=>"91a1f1258e835cddab7d7f3c", "enqueued_at"=>1427721715.1881742}
2015-03-30T13:21:55.266Z 2995 TID-9im5g WARN: undefined method `to_human' for {"currency"=>"XRP", "counterparty"=>""}:Hash
2015-03-30T13:21:55.266Z 2995 TID-9im5g WARN: /home/m/proj/happy_dev/lib/happy/worker.rb:100:in `block in exchange'
/home/m/.rvm/rubies/ruby-2.2.0/lib/ruby/2.2.0/logger.rb:372:in `add'
/home/m/.rvm/rubies/ruby-2.2.0/lib/ruby/2.2.0/logger.rb:434:in `info'
/home/m/proj/happy_dev/lib/happy/worker.rb:100:in `exchange'
/home/m/proj/happy_dev/lib/happy/worker/xrp.rb:30:in `perform_'
/home/m/proj/happy_dev/lib/happy/worker/base.rb:9:in `perform'
/home/m/.rvm/gems/ruby-2.2.0/gems/sidekiq-3.3.3/lib/sidekiq/processor.rb:75:in `execute_job'
/home/m/.rvm/gems/ruby-2.2.0/gems/sidekiq-3.3.3/lib/sidekiq/processor.rb:52:in `block (2 levels) in process'
/home/m/.rvm/gems/ruby-2.2.0/gems/sidekiq-3.3.3/lib/sidekiq/middleware/chain.rb:127:in `block in invoke'
/home/m/.rvm/gems/ruby-2.2.0/gems/sidekiq-3.3.3/lib/sidekiq/middleware/server/retry_jobs.rb:74:in `call'
/home/m/.rvm/gems/ruby-2.2.0/gems/sidekiq-3.3.3/lib/sidekiq/middleware/chain.rb:129:in `block in invoke'
/home/m/.rvm/gems/ruby-2.2.0/gems/sidekiq-3.3.3/lib/sidekiq/middleware/server/logging.rb:11:in `block in call'
/home/m/.rvm/gems/ruby-2.2.0/gems/sidekiq-3.3.3/lib/sidekiq/logging.rb:24:in `with_context'
/home/m/.rvm/gems/ruby-2.2.0/gems/sidekiq-3.3.3/lib/sidekiq/middleware/server/logging.rb:7:in `call'
/home/m/.rvm/gems/ruby-2.2.0/gems/sidekiq-3.3.3/lib/sidekiq/middleware/chain.rb:129:in `block in invoke'
/home/m/.rvm/gems/ruby-2.2.0/gems/sidekiq-3.3.3/lib/sidekiq/middleware/chain.rb:132:in `call'
/home/m/.rvm/gems/ruby-2.2.0/gems/sidekiq-3.3.3/lib/sidekiq/middleware/chain.rb:132:in `invoke'
/home/m/.rvm/gems/ruby-2.2.0/gems/sidekiq-3.3.3/lib/sidekiq/processor.rb:51:in `block in process'
/home/m/.rvm/gems/ruby-2.2.0/gems/sidekiq-3.3.3/lib/sidekiq/processor.rb:98:in `stats'
/home/m/.rvm/gems/ruby-2.2.0/gems/sidekiq-3.3.3/lib/sidekiq/processor.rb:50:in `process'
/home/m/.rvm/gems/ruby-2.2.0/gems/celluloid-0.16.0/lib/celluloid/calls.rb:26:in `public_send'
/home/m/.rvm/gems/ruby-2.2.0/gems/celluloid-0.16.0/lib/celluloid/calls.rb:26:in `dispatch'
/home/m/.rvm/gems/ruby-2.2.0/gems/celluloid-0.16.0/lib/celluloid/calls.rb:122:in `dispatch'
/home/m/.rvm/gems/ruby-2.2.0/gems/celluloid-0.16.0/lib/celluloid/cell.rb:60:in `block in invoke'
/home/m/.rvm/gems/ruby-2.2.0/gems/celluloid-0.16.0/lib/celluloid/cell.rb:71:in `block in task'
/home/m/.rvm/gems/ruby-2.2.0/gems/celluloid-0.16.0/lib/celluloid/actor.rb:357:in `block in task'
/home/m/.rvm/gems/ruby-2.2.0/gems/celluloid-0.16.0/lib/celluloid/tasks.rb:57:in `block in initialize'
/home/m/.rvm/gems/ruby-2.2.0/gems/celluloid-0.16.0/lib/celluloid/tasks/task_fiber.rb:15:in `block in create'
2015-03-30T13:25:06.789Z 2995 TID-66ye0 INFO: Shutting down
2015-03-30T13:25:07.009Z 2995 TID-9j5n4 INFO: Terminating 1 quiet workers
2015-03-30T13:25:07.336Z 3491 TID-27i4o INFO: Running in ruby 2.2.0p0 (2014-12-25 revision 49005) [x86_64-linux]
2015-03-30T13:25:07.336Z 3491 TID-27i4o INFO: See LICENSE and the LGPL-3.0 for licensing details.
2015-03-30T13:25:07.337Z 3491 TID-27i4o INFO: Upgrade to Sidekiq Pro for more features and support: http://sidekiq.org/pro
2015-03-30T13:25:07.337Z 3491 TID-27i4o INFO: Booting Sidekiq 3.3.3 with redis options {}
2015-03-30T13:25:08.715Z 3491 TID-5hugc Happy::Worker::XRP::Wait JID-984efa4b725d454f9573f601 INFO: start
2015-03-30T13:25:08.723Z 3491 TID-5hugc Happy::Worker::XRP::Wait JID-984efa4b725d454f9573f601 INFO: {"currency"=>"BTC", "counterparty"=>"rvYAfWj5gh67oV6fW32ZzP3Aw4Eubs59B"}, {"currency"=>"BTC", "counterparty"=>"rvYAfWj5gh67oV6fW32ZzP3Aw4Eubs59B"}
2015-03-30T13:25:08.728Z 3491 TID-5hugc Happy::Worker::XRP::Wait JID-984efa4b725d454f9573f601 INFO: balance: 0.001+BTC+rvYAfWj5gh67oV6fW32ZzP3Aw4Eubs59B
2015-03-30T13:25:09.831Z 3491 TID-5hugc Happy::Worker::XRP::Wait JID-984efa4b725d454f9573f601 INFO: done: 1.115 sec
2015-03-30T13:25:09.841Z 3491 TID-5hugc Happy::Worker::XRP::SimulatedExchange JID-1179ac79201b44034696dae8 INFO: start
I, [2015-03-30T22:25:09.906018 #3491]  INFO -- : Exchange BTC+rvYAfWj5 to XRP: 0.0005BTC
D, [2015-03-30T22:25:09.909447 #3491] DEBUG -- : Time range: {:lte=>"2015-03-30T13:26:00.000+0000"}
2015-03-30T13:25:10.180Z 3491 TID-5hugc Happy::Worker::XRP::SimulatedExchange JID-1179ac79201b44034696dae8 INFO: balance: ["14.6661536926000923053892215712708181636582701+XRP"]
2015-03-30T13:25:10.180Z 3491 TID-5hugc Happy::Worker::XRP::SimulatedExchange JID-1179ac79201b44034696dae8 INFO: done: 0.34 sec
2015-03-30T13:26:12.141Z 3491 TID-27i4o INFO: Shutting down
2015-03-30T13:26:12.649Z 3725 TID-2343s INFO: Running in ruby 2.2.0p0 (2014-12-25 revision 49005) [x86_64-linux]
2015-03-30T13:26:12.649Z 3725 TID-2343s INFO: See LICENSE and the LGPL-3.0 for licensing details.
2015-03-30T13:26:12.649Z 3725 TID-2343s INFO: Upgrade to Sidekiq Pro for more features and support: http://sidekiq.org/pro
2015-03-30T13:26:12.649Z 3725 TID-2343s INFO: Booting Sidekiq 3.3.3 with redis options {}
2015-03-30T13:26:14.010Z 3491 TID-5ihog INFO: Terminating 1 quiet workers
2015-03-30T13:26:15.483Z 3725 TID-5e5s8 Happy::Worker::XRP::Wait JID-0adb9f9c050e31cd61a84ed5 INFO: start
2015-03-30T13:26:15.490Z 3725 TID-5e5s8 Happy::Worker::XRP::Wait JID-0adb9f9c050e31cd61a84ed5 INFO: BTC+rvYAfWj5gh67oV6fW32ZzP3Aw4Eubs59B, BTC+rvYAfWj5gh67oV6fW32ZzP3Aw4Eubs59B
2015-03-30T13:26:15.493Z 3725 TID-5e5s8 Happy::Worker::XRP::Wait JID-0adb9f9c050e31cd61a84ed5 INFO: balance: 0.001+BTC+rvYAfWj5gh67oV6fW32ZzP3Aw4Eubs59B
2015-03-30T13:26:16.651Z 3725 TID-5e5s8 Happy::Worker::XRP::Wait JID-0adb9f9c050e31cd61a84ed5 INFO: done: 1.168 sec
2015-03-30T13:26:16.655Z 3725 TID-5e5s8 Happy::Worker::XRP::SimulatedExchange JID-819ec05c3f95c9f7cb13a4ba INFO: start
I, [2015-03-30T22:26:16.717051 #3725]  INFO -- : Exchange BTC+rvYAfWj5 to XRP: 0.0005BTC
D, [2015-03-30T22:26:16.719607 #3725] DEBUG -- : Time range: {:lte=>"2015-03-30T13:27:00.000+0000"}
2015-03-30T13:26:16.968Z 3725 TID-5e5s8 Happy::Worker::XRP::SimulatedExchange JID-819ec05c3f95c9f7cb13a4ba INFO: balance: ["14.6661536926000923053892215712708181636582701+XRP"]
2015-03-30T13:26:16.968Z 3725 TID-5e5s8 Happy::Worker::XRP::SimulatedExchange JID-819ec05c3f95c9f7cb13a4ba INFO: done: 0.313 sec
2015-03-30T13:28:22.693Z 3725 TID-5e5s8 Happy::Worker::XRP::SimulatedExchange JID-f18101eeec0faa16e21c1d26 INFO: start
I, [2015-03-30T22:28:22.695195 #3725]  INFO -- : Exchange BTC+rvYAfWj5 to XRP: 0.001BTC
D, [2015-03-30T22:28:22.697341 #3725] DEBUG -- : Time range: {:lte=>"2015-03-30T13:29:00.000+0000"}
2015-03-30T13:28:22.884Z 3725 TID-5e5s8 Happy::Worker::XRP::SimulatedExchange JID-f18101eeec0faa16e21c1d26 INFO: balance: ["29.3443073852001846107784431425416363273165402+XRP"]
2015-03-30T13:28:22.885Z 3725 TID-5e5s8 Happy::Worker::XRP::SimulatedExchange JID-f18101eeec0faa16e21c1d26 INFO: done: 0.192 sec
2015-03-30T13:28:22.887Z 3725 TID-5e5s8 Happy::Worker::XRP::SimulatedExchange JID-9e6f6c4d5b66049162e3dc03 INFO: start
I, [2015-03-30T22:28:22.888363 #3725]  INFO -- : Exchange XRP to KRW+rUkMKjQi: 29.3443073852001846107784431425416363273165402XRP
D, [2015-03-30T22:28:22.890310 #3725] DEBUG -- : Time range: {:lte=>"2015-03-30T13:29:00.000+0000"}
2015-03-30T13:28:23.041Z 3725 TID-5e5s8 Happy::Worker::XRP::SimulatedExchange JID-9e6f6c4d5b66049162e3dc03 INFO: balance: ["-0.012+XRP", "264.658036181412018948617189276941444416279336664241695237022372855353121800830518592+KRW+rUkMKjQitpgAM5WTGk79xpjT38DEJY283d"]
2015-03-30T13:28:23.041Z 3725 TID-5e5s8 Happy::Worker::XRP::SimulatedExchange JID-9e6f6c4d5b66049162e3dc03 INFO: done: 0.154 sec
2015-03-30T13:28:33.322Z 3725 TID-5e5s8 Happy::Worker::XRP::SimulatedExchange JID-f93b4a6341f224ad8ce2ddd8 INFO: start
I, [2015-03-30T22:28:33.323474 #3725]  INFO -- : Exchange BTC+rvYAfWj5 to XRP: 0.001BTC
D, [2015-03-30T22:28:33.326006 #3725] DEBUG -- : Time range: {:lte=>"2015-03-30T13:29:00.000+0000"}
2015-03-30T13:28:33.560Z 3725 TID-5e5s8 Happy::Worker::XRP::SimulatedExchange JID-f93b4a6341f224ad8ce2ddd8 INFO: balance: ["29.3443073852001846107784431425416363273165402+XRP"]
2015-03-30T13:28:33.561Z 3725 TID-5e5s8 Happy::Worker::XRP::SimulatedExchange JID-f93b4a6341f224ad8ce2ddd8 INFO: done: 0.239 sec
2015-03-30T13:28:33.568Z 3725 TID-5e5s8 Happy::Worker::XRP::SimulatedExchange JID-ab48f88256a67e6db8b528ff INFO: start
I, [2015-03-30T22:28:33.568909 #3725]  INFO -- : Exchange XRP to KRW+rUkMKjQi: 29.3443073852001846107784431425416363273165402XRP
D, [2015-03-30T22:28:33.571023 #3725] DEBUG -- : Time range: {:lte=>"2015-03-30T13:29:00.000+0000"}
2015-03-30T13:28:33.770Z 3725 TID-5e5s8 Happy::Worker::XRP::SimulatedExchange JID-ab48f88256a67e6db8b528ff INFO: balance: ["-0.012+XRP", "264.658036181412018948617189276941444416279336664241695237022372855353121800830518592+KRW+rUkMKjQitpgAM5WTGk79xpjT38DEJY283d"]
2015-03-30T13:28:33.771Z 3725 TID-5e5s8 Happy::Worker::XRP::SimulatedExchange JID-ab48f88256a67e6db8b528ff INFO: done: 0.203 sec
2015-03-30T13:30:54.819Z 3725 TID-5e5s8 Happy::Worker::XRP::SimulatedExchange JID-f7440c292caa3bdb37cfb69a INFO: start
I, [2015-03-30T22:30:54.819661 #3725]  INFO -- : Exchange BTC+rvYAfWj5 to XRP: 0.001BTC
D, [2015-03-30T22:30:54.821389 #3725] DEBUG -- : Time range: {:lte=>"2015-03-30T13:31:00.000+0000"}
2015-03-30T13:30:55.015Z 3725 TID-5e5s8 Happy::Worker::XRP::SimulatedExchange JID-f7440c292caa3bdb37cfb69a INFO: balance: ["29.3443073852001846107784431425416363273165402+XRP"]
2015-03-30T13:30:55.016Z 3725 TID-5e5s8 Happy::Worker::XRP::SimulatedExchange JID-f7440c292caa3bdb37cfb69a INFO: done: 0.197 sec
2015-03-30T13:30:55.019Z 3725 TID-5e5s8 Happy::Worker::XRP::SimulatedExchange JID-9ded3e0b919984341d0ebf84 INFO: start
I, [2015-03-30T22:30:55.020980 #3725]  INFO -- : Exchange XRP to KRW+rUkMKjQi: 29.3443073852001846107784431425416363273165402XRP
D, [2015-03-30T22:30:55.023974 #3725] DEBUG -- : Time range: {:lte=>"2015-03-30T13:31:00.000+0000"}
2015-03-30T13:30:55.169Z 3725 TID-5e5s8 Happy::Worker::XRP::SimulatedExchange JID-9ded3e0b919984341d0ebf84 INFO: balance: ["-0.012+XRP", "264.658036181412018948617189276941444416279336664241695237022372855353121800830518592+KRW+rUkMKjQitpgAM5WTGk79xpjT38DEJY283d"]
2015-03-30T13:30:55.173Z 3725 TID-5e5s8 Happy::Worker::XRP::SimulatedExchange JID-9ded3e0b919984341d0ebf84 INFO: done: 0.154 sec
2015-03-30T13:30:55.177Z 3725 TID-5e5s8 Happy::Worker::XRP::SimulatedExchange JID-8ae44c975103a93ed1dd0f0f INFO: start
I, [2015-03-30T22:30:55.178394 #3725]  INFO -- : Exchange KRW+rUkMKjQi to KRW+Real: 264.658036181412018948617189276941444416279336664241695237022372855353121800830518592KRW
2015-03-30T13:30:55.180Z 3725 TID-5e5s8 Happy::Worker::XRP::SimulatedExchange JID-8ae44c975103a93ed1dd0f0f INFO: fail: 0.003 sec
2015-03-30T13:30:55.181Z 3725 TID-5e5s8 WARN: {"retry"=>false, "queue"=>"xrp", "class"=>"Happy::Worker::XRP::SimulatedExchange", "args"=>[{"@jobs"=>[], "@local"=>{"class"=>[[[{"currency"=>"BTC", "counterparty"=>"rvYAfWj5gh67oV6fW32ZzP3Aw4Eubs59B"}, {"currency"=>"BTC", "counterparty"=>"rvYAfWj5gh67oV6fW32ZzP3Aw4Eubs59B"}], "Happy::Worker::XRP::Wait"], [[{"currency"=>"BTC", "counterparty"=>"rvYAfWj5gh67oV6fW32ZzP3Aw4Eubs59B"}, {"currency"=>"XRP", "counterparty"=>""}], "Happy::Worker::XRP::SimulatedExchange"], [[{"currency"=>"XRP", "counterparty"=>""}, {"currency"=>"KRW", "counterparty"=>"rUkMKjQitpgAM5WTGk79xpjT38DEJY283d"}], "Happy::Worker::XRP::SimulatedExchange"], [[{"currency"=>"KRW", "counterparty"=>"rUkMKjQitpgAM5WTGk79xpjT38DEJY283d"}, {"currency"=>"KRW", "counterparty"=>"Real"}], "Happy::Worker::XRP::SimulatedExchange"]], "balances"=>{"XRP"=>{"currency"=>"XRP", "counterparty"=>"", "value"=>{"value"=>-0.012, "raw"=>"-0.12E-1"}}, "KRW+rUkMKjQitpgAM5WTGk79xpjT38DEJY283d"=>{"currency"=>"KRW", "counterparty"=>"rUkMKjQitpgAM5WTGk79xpjT38DEJY283d", "value"=>{"value"=>264.658036181412, "raw"=>"0.264658036181412018948617189276941444416279336664241695237022372855353121800830518592E3"}}}}, "class"=>"Happy::Job"}, {"currency"=>"KRW", "counterparty"=>"rUkMKjQitpgAM5WTGk79xpjT38DEJY283d"}, {"currency"=>"KRW", "counterparty"=>"Real"}], "jid"=>"8ae44c975103a93ed1dd0f0f", "enqueued_at"=>1427722255.1725059}
2015-03-30T13:30:55.182Z 3725 TID-5e5s8 WARN: No exchange defined for 264.658036181412018948617189276941444416279336664241695237022372855353121800830518592+KRW+rUkMKjQitpgAM5WTGk79xpjT38DEJY283d -> KRW+Real
2015-03-30T13:30:55.183Z 3725 TID-5e5s8 WARN: /home/m/proj/happy_dev/lib/happy/worker.rb:96:in `exchange_default'
/home/m/proj/happy_dev/lib/happy/worker.rb:102:in `call'
/home/m/proj/happy_dev/lib/happy/worker.rb:102:in `exchange'
/home/m/proj/happy_dev/lib/happy/worker/xrp.rb:30:in `perform_'
/home/m/proj/happy_dev/lib/happy/worker/base.rb:10:in `perform'
/home/m/.rvm/gems/ruby-2.2.0/gems/sidekiq-3.3.3/lib/sidekiq/processor.rb:75:in `execute_job'
/home/m/.rvm/gems/ruby-2.2.0/gems/sidekiq-3.3.3/lib/sidekiq/processor.rb:52:in `block (2 levels) in process'
/home/m/.rvm/gems/ruby-2.2.0/gems/sidekiq-3.3.3/lib/sidekiq/middleware/chain.rb:127:in `block in invoke'
/home/m/.rvm/gems/ruby-2.2.0/gems/sidekiq-3.3.3/lib/sidekiq/middleware/server/retry_jobs.rb:74:in `call'
/home/m/.rvm/gems/ruby-2.2.0/gems/sidekiq-3.3.3/lib/sidekiq/middleware/chain.rb:129:in `block in invoke'
/home/m/.rvm/gems/ruby-2.2.0/gems/sidekiq-3.3.3/lib/sidekiq/middleware/server/logging.rb:11:in `block in call'
/home/m/.rvm/gems/ruby-2.2.0/gems/sidekiq-3.3.3/lib/sidekiq/logging.rb:24:in `with_context'
/home/m/.rvm/gems/ruby-2.2.0/gems/sidekiq-3.3.3/lib/sidekiq/middleware/server/logging.rb:7:in `call'
/home/m/.rvm/gems/ruby-2.2.0/gems/sidekiq-3.3.3/lib/sidekiq/middleware/chain.rb:129:in `block in invoke'
/home/m/.rvm/gems/ruby-2.2.0/gems/sidekiq-3.3.3/lib/sidekiq/middleware/chain.rb:132:in `call'
/home/m/.rvm/gems/ruby-2.2.0/gems/sidekiq-3.3.3/lib/sidekiq/middleware/chain.rb:132:in `invoke'
/home/m/.rvm/gems/ruby-2.2.0/gems/sidekiq-3.3.3/lib/sidekiq/processor.rb:51:in `block in process'
/home/m/.rvm/gems/ruby-2.2.0/gems/sidekiq-3.3.3/lib/sidekiq/processor.rb:98:in `stats'
/home/m/.rvm/gems/ruby-2.2.0/gems/sidekiq-3.3.3/lib/sidekiq/processor.rb:50:in `process'
/home/m/.rvm/gems/ruby-2.2.0/gems/celluloid-0.16.0/lib/celluloid/calls.rb:26:in `public_send'
/home/m/.rvm/gems/ruby-2.2.0/gems/celluloid-0.16.0/lib/celluloid/calls.rb:26:in `dispatch'
/home/m/.rvm/gems/ruby-2.2.0/gems/celluloid-0.16.0/lib/celluloid/calls.rb:122:in `dispatch'
/home/m/.rvm/gems/ruby-2.2.0/gems/celluloid-0.16.0/lib/celluloid/cell.rb:60:in `block in invoke'
/home/m/.rvm/gems/ruby-2.2.0/gems/celluloid-0.16.0/lib/celluloid/cell.rb:71:in `block in task'
/home/m/.rvm/gems/ruby-2.2.0/gems/celluloid-0.16.0/lib/celluloid/actor.rb:357:in `block in task'
/home/m/.rvm/gems/ruby-2.2.0/gems/celluloid-0.16.0/lib/celluloid/tasks.rb:57:in `block in initialize'
/home/m/.rvm/gems/ruby-2.2.0/gems/celluloid-0.16.0/lib/celluloid/tasks/task_fiber.rb:15:in `block in create'
2015-03-30T13:30:57.604Z 3725 TID-2343s INFO: Shutting down
2015-03-30T13:30:58.119Z 4470 TID-1zs0g INFO: Running in ruby 2.2.0p0 (2014-12-25 revision 49005) [x86_64-linux]
2015-03-30T13:30:58.120Z 4470 TID-1zs0g INFO: See LICENSE and the LGPL-3.0 for licensing details.
2015-03-30T13:30:58.120Z 4470 TID-1zs0g INFO: Upgrade to Sidekiq Pro for more features and support: http://sidekiq.org/pro
2015-03-30T13:30:58.120Z 4470 TID-1zs0g INFO: Booting Sidekiq 3.3.3 with redis options {}
2015-03-30T13:30:59.065Z 3725 TID-5eo34 INFO: Terminating 1 quiet workers
2015-03-30T13:30:59.698Z 4470 TID-5a3os Happy::Worker::XRP::SimulatedExchange JID-147169d653f323192891b5af INFO: start
I, [2015-03-30T22:30:59.762370 #4470]  INFO -- : Exchange BTC+rvYAfWj5 to XRP: 0.001BTC
D, [2015-03-30T22:30:59.765230 #4470] DEBUG -- : Time range: {:lte=>"2015-03-30T13:31:00.000+0000"}
2015-03-30T13:30:59.973Z 4470 TID-5a3os Happy::Worker::XRP::SimulatedExchange JID-147169d653f323192891b5af INFO: balance: ["29.3443073852001846107784431425416363273165402+XRP"]
2015-03-30T13:30:59.974Z 4470 TID-5a3os Happy::Worker::XRP::SimulatedExchange JID-147169d653f323192891b5af INFO: done: 0.277 sec
2015-03-30T13:30:59.978Z 4470 TID-5a3os Happy::Worker::XRP::SimulatedExchange JID-be1de669842f8aa0067226f9 INFO: start
I, [2015-03-30T22:30:59.980123 #4470]  INFO -- : Exchange XRP to KRW+rUkMKjQi: 29.3443073852001846107784431425416363273165402XRP
D, [2015-03-30T22:30:59.983550 #4470] DEBUG -- : Time range: {:lte=>"2015-03-30T13:31:00.000+0000"}
2015-03-30T13:31:00.116Z 4470 TID-5a3os Happy::Worker::XRP::SimulatedExchange JID-be1de669842f8aa0067226f9 INFO: balance: ["-0.012+XRP", "264.658036181412018948617189276941444416279336664241695237022372855353121800830518592+KRW+rUkMKjQitpgAM5WTGk79xpjT38DEJY283d"]
2015-03-30T13:31:00.117Z 4470 TID-5a3os Happy::Worker::XRP::SimulatedExchange JID-be1de669842f8aa0067226f9 INFO: done: 0.138 sec
2015-03-30T13:31:00.119Z 4470 TID-5a3os Happy::Worker::XRP::SimulatedExchange JID-f5fedc36ab1b7640abd10406 INFO: start
I, [2015-03-30T22:31:00.120139 #4470]  INFO -- : Exchange KRW+rUkMKjQi to KRW+Real: 264.658036181412018948617189276941444416279336664241695237022372855353121800830518592KRW
2015-03-30T13:31:00.120Z 4470 TID-5a3os Happy::Worker::XRP::SimulatedExchange JID-f5fedc36ab1b7640abd10406 INFO: balance: ["-0.024+XRP", "263.33474600050495885387410333055673719419793998092048676083726099107635619182636599904+KRW+Real"]
2015-03-30T13:31:00.120Z 4470 TID-5a3os Happy::Worker::XRP::SimulatedExchange JID-f5fedc36ab1b7640abd10406 INFO: done: 0.001 sec
2015-03-30T13:33:10.544Z 4470 TID-1zs0g INFO: Shutting down
2015-03-30T13:33:11.078Z 4798 TID-8gfbk INFO: Running in ruby 2.2.0p0 (2014-12-25 revision 49005) [x86_64-linux]
2015-03-30T13:33:11.078Z 4798 TID-8gfbk INFO: See LICENSE and the LGPL-3.0 for licensing details.
2015-03-30T13:33:11.078Z 4798 TID-8gfbk INFO: Upgrade to Sidekiq Pro for more features and support: http://sidekiq.org/pro
2015-03-30T13:33:11.078Z 4798 TID-8gfbk INFO: Booting Sidekiq 3.3.3 with redis options {}
2015-03-30T13:33:12.102Z 4470 TID-5ar08 INFO: Terminating 1 quiet workers
2015-03-30T13:33:31.858Z 4798 TID-brycg Happy::Worker::XRP::SimulatedExchange JID-1efe9a3aa5218a34e4b5e5dc INFO: start
I, [2015-03-30T22:33:31.984308 #4798]  INFO -- : Exchange BTC+rvYAfWj5 to XRP: 0.001BTC
D, [2015-03-30T22:33:31.987295 #4798] DEBUG -- : Time range: {:lte=>"2015-03-30T13:34:00.000+0000"}
2015-03-30T13:33:32.192Z 4798 TID-brycg Happy::Worker::XRP::SimulatedExchange JID-1efe9a3aa5218a34e4b5e5dc INFO: balance: ["29.3443073852001846107784431425416363273165402+XRP"]
2015-03-30T13:33:32.193Z 4798 TID-brycg Happy::Worker::XRP::SimulatedExchange JID-1efe9a3aa5218a34e4b5e5dc INFO: done: 0.336 sec
2015-03-30T13:33:32.196Z 4798 TID-brycg Happy::Worker::XRP::SimulatedExchange JID-03d792f933c6b01dff413c51 INFO: start
I, [2015-03-30T22:33:32.198012 #4798]  INFO -- : Exchange XRP to KRW+rUkMKjQi: 29.3443073852001846107784431425416363273165402XRP
D, [2015-03-30T22:33:32.202878 #4798] DEBUG -- : Time range: {:lte=>"2015-03-30T13:34:00.000+0000"}
2015-03-30T13:33:32.334Z 4798 TID-brycg Happy::Worker::XRP::SimulatedExchange JID-03d792f933c6b01dff413c51 INFO: balance: ["-0.012+XRP", "264.767097973264533809241875737988403496194741295357177265251014068028154544988953172+KRW+rUkMKjQitpgAM5WTGk79xpjT38DEJY283d"]
2015-03-30T13:33:32.336Z 4798 TID-brycg Happy::Worker::XRP::SimulatedExchange JID-03d792f933c6b01dff413c51 INFO: done: 0.14 sec
2015-03-30T13:33:32.337Z 4798 TID-brycg Happy::Worker::XRP::SimulatedExchange JID-05572a9289160e65b1c05361 INFO: start
I, [2015-03-30T22:33:32.339175 #4798]  INFO -- : Exchange KRW+rUkMKjQi to KRW+Real: 264.767097973264533809241875737988403496194741295357177265251014068028154544988953172KRW
2015-03-30T13:33:32.339Z 4798 TID-brycg Happy::Worker::XRP::SimulatedExchange JID-05572a9289160e65b1c05361 INFO: balance: ["-0.024+XRP", "263.44326248339821114019566635929846147871376758888039137892475899768801377226400840614+KRW+Real"]
2015-03-30T13:33:32.339Z 4798 TID-brycg Happy::Worker::XRP::SimulatedExchange JID-05572a9289160e65b1c05361 INFO: done: 0.002 sec
2015-03-30T13:34:12.709Z 4798 TID-8gfbk INFO: Shutting down
2015-03-30T13:34:13.221Z 4938 TID-blbpw INFO: Running in ruby 2.2.0p0 (2014-12-25 revision 49005) [x86_64-linux]
2015-03-30T13:34:13.221Z 4938 TID-blbpw INFO: See LICENSE and the LGPL-3.0 for licensing details.
2015-03-30T13:34:13.221Z 4938 TID-blbpw INFO: Upgrade to Sidekiq Pro for more features and support: http://sidekiq.org/pro
2015-03-30T13:34:13.221Z 4938 TID-blbpw INFO: Booting Sidekiq 3.3.3 with redis options {}
2015-03-30T13:34:14.007Z 4798 TID-bsgh8 INFO: Terminating 1 quiet workers
2015-03-30T13:34:15.959Z 4938 TID-evoco Happy::Worker::XRP::SimulatedExchange JID-27afa96df7a1dc34e001b99f INFO: start
I, [2015-03-30T22:34:16.201458 #4938]  INFO -- : Exchange BTC+rvYAfWj5 to XRP: 0.001BTC
D, [2015-03-30T22:34:16.206103 #4938] DEBUG -- : Time range: {:lte=>"2015-03-30T13:35:00.000+0000"}
D, [2015-03-30T22:34:16.517686 #4938] DEBUG -- : balance: ["29.3443073852001846107784431425416363273165402+XRP"]
2015-03-30T13:34:16.525Z 4938 TID-evoco Happy::Worker::XRP::SimulatedExchange JID-27afa96df7a1dc34e001b99f INFO: done: 0.566 sec
2015-03-30T13:34:16.540Z 4938 TID-evoco Happy::Worker::XRP::SimulatedExchange JID-f7d00634b78facaa3c1a64d7 INFO: start
I, [2015-03-30T22:34:16.542402 #4938]  INFO -- : Exchange XRP to KRW+rUkMKjQi: 29.3443073852001846107784431425416363273165402XRP
D, [2015-03-30T22:34:16.550018 #4938] DEBUG -- : Time range: {:lte=>"2015-03-30T13:35:00.000+0000"}
D, [2015-03-30T22:34:16.718523 #4938] DEBUG -- : balance: ["-0.012+XRP", "264.767097973264533809241875737988403496194741295357177265251014068028154544988953172+KRW+rUkMKjQitpgAM5WTGk79xpjT38DEJY283d"]
2015-03-30T13:34:16.724Z 4938 TID-evoco Happy::Worker::XRP::SimulatedExchange JID-f7d00634b78facaa3c1a64d7 INFO: done: 0.184 sec
2015-03-30T13:34:16.726Z 4938 TID-evoco Happy::Worker::XRP::SimulatedExchange JID-1b09d56a841ef84c43e6739b INFO: start
I, [2015-03-30T22:34:16.727891 #4938]  INFO -- : Exchange KRW+rUkMKjQi to KRW+Real: 264.767097973264533809241875737988403496194741295357177265251014068028154544988953172KRW
D, [2015-03-30T22:34:16.728427 #4938] DEBUG -- : balance: ["-0.024+XRP", "263.44326248339821114019566635929846147871376758888039137892475899768801377226400840614+KRW+Real"]
2015-03-30T13:34:16.728Z 4938 TID-evoco Happy::Worker::XRP::SimulatedExchange JID-1b09d56a841ef84c43e6739b INFO: done: 0.002 sec
2015-03-30T13:38:17.251Z 4938 TID-evoco Happy::Worker::XRP::SimulatedExchange JID-3b9132e89375749616470478 INFO: start
I, [2015-03-30T22:38:17.252640 #4938]  INFO -- : Exchange BTC+rvYAfWj5 to XRP: 0.001BTC
D, [2015-03-30T22:38:17.254545 #4938] DEBUG -- : Time range: {:lte=>"2015-03-30T13:39:00.000+0000"}
D, [2015-03-30T22:38:17.501500 #4938] DEBUG -- : balance: ["29.3443073852001846107784431425416363273165402+XRP"]
2015-03-30T13:38:17.503Z 4938 TID-evoco Happy::Worker::XRP::SimulatedExchange JID-3b9132e89375749616470478 INFO: done: 0.252 sec
2015-03-30T13:38:17.505Z 4938 TID-evoco Happy::Worker::XRP::SimulatedExchange JID-f070b61c24d557ad940486ab INFO: start
I, [2015-03-30T22:38:17.506980 #4938]  INFO -- : Exchange XRP to KRW+rUkMKjQi: 29.3443073852001846107784431425416363273165402XRP
D, [2015-03-30T22:38:17.509115 #4938] DEBUG -- : Time range: {:lte=>"2015-03-30T13:39:00.000+0000"}
D, [2015-03-30T22:38:17.639934 #4938] DEBUG -- : balance: ["-0.012+XRP", "264.767097973264533809241875737988403496194741295357177265251014068028154544988953172+KRW+rUkMKjQitpgAM5WTGk79xpjT38DEJY283d"]
2015-03-30T13:38:17.640Z 4938 TID-evoco Happy::Worker::XRP::SimulatedExchange JID-f070b61c24d557ad940486ab INFO: done: 0.135 sec
2015-03-30T13:38:17.644Z 4938 TID-evoco Happy::Worker::XRP::SimulatedExchange JID-a60a15e876c8930e068cb57e INFO: start
I, [2015-03-30T22:38:17.645274 #4938]  INFO -- : Exchange KRW+rUkMKjQi to KRW+Real: 264.767097973264533809241875737988403496194741295357177265251014068028154544988953172KRW
D, [2015-03-30T22:38:17.646327 #4938] DEBUG -- : balance: ["-0.024+XRP", "263.44326248339821114019566635929846147871376758888039137892475899768801377226400840614+KRW+Real"]
2015-03-30T13:38:17.646Z 4938 TID-evoco Happy::Worker::XRP::SimulatedExchange JID-a60a15e876c8930e068cb57e INFO: done: 0.002 sec
2015-03-30T13:40:29.429Z 4938 TID-evoco Happy::Worker::XRP::SimulatedExchange JID-7cc5136ec06db8c99b69c5c3 INFO: start
I, [2015-03-30T22:40:29.430447 #4938]  INFO -- : Exchange BTC+rvYAfWj5 to XRP: 0.0001BTC
D, [2015-03-30T22:40:29.434150 #4938] DEBUG -- : Time range: {:lte=>"2015-03-30T13:41:00.000+0000"}
D, [2015-03-30T22:40:29.630946 #4938] DEBUG -- : balance: ["2.92363073852001846107784431425416363273165402+XRP"]
2015-03-30T13:40:29.631Z 4938 TID-evoco Happy::Worker::XRP::SimulatedExchange JID-7cc5136ec06db8c99b69c5c3 INFO: done: 0.203 sec
2015-03-30T13:40:29.635Z 4938 TID-evoco Happy::Worker::XRP::SimulatedExchange JID-ba1f3b682a8554bf9f8b5e47 INFO: start
I, [2015-03-30T22:40:29.636732 #4938]  INFO -- : Exchange XRP to KRW+rUkMKjQi: 2.92363073852001846107784431425416363273165402XRP
D, [2015-03-30T22:40:29.639416 #4938] DEBUG -- : Time range: {:lte=>"2015-03-30T13:41:00.000+0000"}
D, [2015-03-30T22:40:29.770749 #4938] DEBUG -- : balance: ["-0.012+XRP", "26.3792638218404741339662268452749164321457861295357177265251014068028154544988953172+KRW+rUkMKjQitpgAM5WTGk79xpjT38DEJY283d"]
2015-03-30T13:40:29.771Z 4938 TID-evoco Happy::Worker::XRP::SimulatedExchange JID-ba1f3b682a8554bf9f8b5e47 INFO: done: 0.136 sec
2015-03-30T13:40:29.774Z 4938 TID-evoco Happy::Worker::XRP::SimulatedExchange JID-43433e8f3519ec1282efe02c INFO: start
I, [2015-03-30T22:40:29.775494 #4938]  INFO -- : Exchange KRW+rUkMKjQi to KRW+Real: 26.3792638218404741339662268452749164321457861295357177265251014068028154544988953172KRW
D, [2015-03-30T22:40:29.775835 #4938] DEBUG -- : balance: ["-0.024+XRP", "26.247367502731271763296395711048541849985057198888039137892475899768801377226400840614+KRW+Real"]
2015-03-30T13:40:29.775Z 4938 TID-evoco Happy::Worker::XRP::SimulatedExchange JID-43433e8f3519ec1282efe02c INFO: done: 0.001 sec
2015-03-30T13:40:40.264Z 4938 TID-blbpw INFO: Shutting down
2015-03-30T13:40:40.791Z 5849 TID-4c234 INFO: Running in ruby 2.2.0p0 (2014-12-25 revision 49005) [x86_64-linux]
2015-03-30T13:40:40.791Z 5849 TID-4c234 INFO: See LICENSE and the LGPL-3.0 for licensing details.
2015-03-30T13:40:40.791Z 5849 TID-4c234 INFO: Upgrade to Sidekiq Pro for more features and support: http://sidekiq.org/pro
2015-03-30T13:40:40.791Z 5849 TID-4c234 INFO: Booting Sidekiq 3.3.3 with redis options {}
2015-03-30T13:40:41.037Z 4938 TID-ewb5s INFO: Terminating 1 quiet workers
2015-03-30T13:40:41.875Z 5849 TID-7n2jo Happy::Worker::XRP::SimulatedExchange JID-bd2404b06b233f9a6edde29f INFO: start
I, [2015-03-30T22:40:41.939250 #5849]  INFO -- : Exchange BTC+rvYAfWj5 to XRP: 0.0001BTC
D, [2015-03-30T22:40:41.942257 #5849] DEBUG -- : Time range: {:lte=>"2015-03-30T13:41:00.000+0000"}
D, [2015-03-30T22:40:42.150102 #5849] DEBUG -- : balance: ["2.92363073852001846107784431425416363273165402+XRP"]
2015-03-30T13:40:42.151Z 5849 TID-7n2jo Happy::Worker::XRP::SimulatedExchange JID-bd2404b06b233f9a6edde29f INFO: done: 0.276 sec
2015-03-30T13:40:42.155Z 5849 TID-7n2jo Happy::Worker::XRP::SimulatedExchange JID-ce4ed5ec5387b2ca3fd625ac INFO: start
I, [2015-03-30T22:40:42.157362 #5849]  INFO -- : Exchange XRP to KRW+rUkMKjQi: 2.92363073852001846107784431425416363273165402XRP
D, [2015-03-30T22:40:42.160699 #5849] DEBUG -- : Time range: {:lte=>"2015-03-30T13:41:00.000+0000"}
D, [2015-03-30T22:40:42.294694 #5849] DEBUG -- : balance: ["-0.012+XRP", "26.3792638218404741339662268452749164321457861295357177265251014068028154544988953172+KRW+rUkMKjQitpgAM5WTGk79xpjT38DEJY283d"]
2015-03-30T13:40:42.295Z 5849 TID-7n2jo Happy::Worker::XRP::SimulatedExchange JID-ce4ed5ec5387b2ca3fd625ac INFO: done: 0.14 sec
2015-03-30T13:40:42.297Z 5849 TID-7n2jo Happy::Worker::XRP::SimulatedExchange JID-693af21b36804515283c841f INFO: start
I, [2015-03-30T22:40:42.299005 #5849]  INFO -- : Exchange KRW+rUkMKjQi to KRW+Real: 26.3792638218404741339662268452749164321457861295357177265251014068028154544988953172KRW
D, [2015-03-30T22:40:42.299528 #5849] DEBUG -- : balance: ["-0.024+XRP", "26.247367502731271763296395711048541849985057198888039137892475899768801377226400840614+KRW+Real"]
2015-03-30T13:40:42.299Z 5849 TID-7n2jo Happy::Worker::XRP::SimulatedExchange JID-693af21b36804515283c841f INFO: done: 0.002 sec
2015-03-30T13:42:10.777Z 5849 TID-7n2jo Happy::Worker::XRP::Exchange JID-fcc0d15aecdb81dcce85cf08 INFO: start
2015-03-30T13:42:54.656Z 5849 TID-4c234 INFO: Shutting down
2015-03-30T13:42:54.657Z 5849 TID-7npyg INFO: Terminating 0 quiet workers
2015-03-30T13:42:54.657Z 5849 TID-7npyg INFO: Pausing up to 8 seconds to allow workers to finish...
2015-03-30T13:42:55.967Z 6205 TID-9x9y0 INFO: Running in ruby 2.2.0p0 (2014-12-25 revision 49005) [x86_64-linux]
2015-03-30T13:42:55.972Z 6205 TID-9x9y0 INFO: See LICENSE and the LGPL-3.0 for licensing details.
2015-03-30T13:42:55.972Z 6205 TID-9x9y0 INFO: Upgrade to Sidekiq Pro for more features and support: http://sidekiq.org/pro
2015-03-30T13:42:55.972Z 6205 TID-9x9y0 INFO: Booting Sidekiq 3.3.3 with redis options {}
2015-03-30T13:43:02.657Z 5849 TID-7npyg WARN: Terminating 1 busy worker threads
2015-03-30T13:43:02.657Z 5849 TID-7npyg WARN: Work still in progress [#<struct Sidekiq::BasicFetch::UnitOfWork queue="queue:xrp", message="{\"retry\":false,\"queue\":\"xrp\",\"class\":\"Happy::Worker::XRP::Exchange\",\"args\":[{\"@jobs\":[{\"args\":[{\"currency\":\"XRP\",\"counterparty\":\"\"},{\"currency\":\"KRW\",\"counterparty\":\"rUkMKjQitpgAM5WTGk79xpjT38DEJY283d\"}]},{\"args\":[{\"currency\":\"KRW\",\"counterparty\":\"rUkMKjQitpgAM5WTGk79xpjT38DEJY283d\"},{\"currency\":\"KRW\",\"counterparty\":\"Real\"}]}],\"@local\":{\"class\":[[[{\"currency\":\"BTC\",\"counterparty\":\"rvYAfWj5gh67oV6fW32ZzP3Aw4Eubs59B\"},{\"currency\":\"XRP\",\"counterparty\":\"\"}],\"Happy::Worker::XRP::Exchange\"],[[{\"currency\":\"XRP\",\"counterparty\":\"\"},{\"currency\":\"KRW\",\"counterparty\":\"rUkMKjQitpgAM5WTGk79xpjT38DEJY283d\"}],\"Happy::Worker::XRP::Exchange\"],[[{\"currency\":\"KRW\",\"counterparty\":\"rUkMKjQitpgAM5WTGk79xpjT38DEJY283d\"},{\"currency\":\"KRW\",\"counterparty\":\"Real\"}],\"Happy::Worker::XRP::SimulatedExchange\"]],\"balances\":{\"BTC+rvYAfWj5gh67oV6fW32ZzP3Aw4Eubs59B\":{\"currency\":\"BTC\",\"counterparty\":\"rvYAfWj5gh67oV6fW32ZzP3Aw4Eubs59B\",\"value\":{\"value\":0.0001,\"raw\":\"0.1E-3\"}}}},\"class\":\"Happy::Job\"},{\"currency\":\"BTC\",\"counterparty\":\"rvYAfWj5gh67oV6fW32ZzP3Aw4Eubs59B\"},{\"currency\":\"XRP\",\"counterparty\":\"\"}],\"jid\":\"fcc0d15aecdb81dcce85cf08\",\"enqueued_at\":1427722930.7712388}">]
2015-03-30T13:43:02.661Z 5849 TID-7npyg INFO: Pushed 1 messages back to Redis
2015-03-30T13:43:02.661Z 5849 TID-7n2jo Happy::Worker::XRP::Exchange JID-fcc0d15aecdb81dcce85cf08 INFO: fail: 51.885 sec
2015-03-30T13:43:02.667Z 6205 TID-d7ni4 Happy::Worker::XRP::Exchange JID-fcc0d15aecdb81dcce85cf08 INFO: start
2015-03-30T13:43:35.991Z 6205 TID-9x9y0 INFO: Shutting down
2015-03-30T13:43:35.992Z 6205 TID-d86u8 INFO: Terminating 0 quiet workers
2015-03-30T13:43:35.993Z 6205 TID-d86u8 INFO: Pausing up to 8 seconds to allow workers to finish...
2015-03-30T13:43:44.000Z 6205 TID-d86u8 WARN: Terminating 1 busy worker threads
2015-03-30T13:43:44.000Z 6205 TID-d86u8 WARN: Work still in progress [#<struct Sidekiq::BasicFetch::UnitOfWork queue="queue:xrp", message="{\"retry\":false,\"queue\":\"xrp\",\"class\":\"Happy::Worker::XRP::Exchange\",\"args\":[{\"@jobs\":[{\"args\":[{\"currency\":\"XRP\",\"counterparty\":\"\"},{\"currency\":\"KRW\",\"counterparty\":\"rUkMKjQitpgAM5WTGk79xpjT38DEJY283d\"}]},{\"args\":[{\"currency\":\"KRW\",\"counterparty\":\"rUkMKjQitpgAM5WTGk79xpjT38DEJY283d\"},{\"currency\":\"KRW\",\"counterparty\":\"Real\"}]}],\"@local\":{\"class\":[[[{\"currency\":\"BTC\",\"counterparty\":\"rvYAfWj5gh67oV6fW32ZzP3Aw4Eubs59B\"},{\"currency\":\"XRP\",\"counterparty\":\"\"}],\"Happy::Worker::XRP::Exchange\"],[[{\"currency\":\"XRP\",\"counterparty\":\"\"},{\"currency\":\"KRW\",\"counterparty\":\"rUkMKjQitpgAM5WTGk79xpjT38DEJY283d\"}],\"Happy::Worker::XRP::Exchange\"],[[{\"currency\":\"KRW\",\"counterparty\":\"rUkMKjQitpgAM5WTGk79xpjT38DEJY283d\"},{\"currency\":\"KRW\",\"counterparty\":\"Real\"}],\"Happy::Worker::XRP::SimulatedExchange\"]],\"balances\":{\"BTC+rvYAfWj5gh67oV6fW32ZzP3Aw4Eubs59B\":{\"currency\":\"BTC\",\"counterparty\":\"rvYAfWj5gh67oV6fW32ZzP3Aw4Eubs59B\",\"value\":{\"value\":0.0001,\"raw\":\"0.1E-3\"}}}},\"class\":\"Happy::Job\"},{\"currency\":\"BTC\",\"counterparty\":\"rvYAfWj5gh67oV6fW32ZzP3Aw4Eubs59B\"},{\"currency\":\"XRP\",\"counterparty\":\"\"}],\"jid\":\"fcc0d15aecdb81dcce85cf08\",\"enqueued_at\":1427722930.7712388}">]
2015-03-30T13:43:44.001Z 6205 TID-d86u8 INFO: Pushed 1 messages back to Redis
2015-03-30T13:43:44.001Z 6205 TID-d7ni4 Happy::Worker::XRP::Exchange JID-fcc0d15aecdb81dcce85cf08 INFO: fail: 41.334 sec
2015-03-30T13:45:49.182Z 6641 TID-8qlxw INFO: Running in ruby 2.2.0p0 (2014-12-25 revision 49005) [x86_64-linux]
2015-03-30T13:45:49.183Z 6641 TID-8qlxw INFO: See LICENSE and the LGPL-3.0 for licensing details.
2015-03-30T13:45:49.183Z 6641 TID-8qlxw INFO: Upgrade to Sidekiq Pro for more features and support: http://sidekiq.org/pro
2015-03-30T13:45:49.183Z 6641 TID-8qlxw INFO: Booting Sidekiq 3.3.3 with redis options {}
2015-03-30T13:45:51.890Z 6641 TID-c1lzg Happy::Worker::XRP::Exchange JID-84205747fe06ecc6d052bff5 INFO: start
0.0001+BTC+rvYAfWj5gh67oV6fW32ZzP3Aw4Eubs59B
2015-03-30T13:46:39.209Z 6641 TID-c29y8 INFO: Received USR1, no longer accepting new work
2015-03-30T13:46:39.210Z 6641 TID-c29y8 INFO: Terminating 0 quiet workers
0.0001+BTC+rvYAfWj5gh67oV6fW32ZzP3Aw4Eubs59B
2015-03-30T13:46:59.213Z 6641 TID-c29y8 INFO: Received USR1, no longer accepting new work
2015-03-30T13:46:59.213Z 6641 TID-c29y8 INFO: Terminating 0 quiet workers
2015-03-30T13:47:19.222Z 6641 TID-8qlxw INFO: Shutting down
2015-03-30T13:47:19.224Z 6641 TID-c29y8 INFO: Terminating 0 quiet workers
2015-03-30T13:47:19.225Z 6641 TID-c29y8 INFO: Pausing up to 8 seconds to allow workers to finish...
2015-03-30T13:47:27.225Z 6641 TID-c29y8 WARN: Terminating 1 busy worker threads
2015-03-30T13:47:27.227Z 6641 TID-c29y8 WARN: Work still in progress [#<struct Sidekiq::BasicFetch::UnitOfWork queue="queue:xrp", message="{\"retry\":false,\"queue\":\"xrp\",\"class\":\"Happy::Worker::XRP::Exchange\",\"args\":[{\"@jobs\":[{\"args\":[{\"currency\":\"XRP\",\"counterparty\":\"\"},{\"currency\":\"KRW\",\"counterparty\":\"rUkMKjQitpgAM5WTGk79xpjT38DEJY283d\"}]},{\"args\":[{\"currency\":\"KRW\",\"counterparty\":\"rUkMKjQitpgAM5WTGk79xpjT38DEJY283d\"},{\"currency\":\"KRW\",\"counterparty\":\"Real\"}]}],\"@local\":{\"class\":[[[{\"currency\":\"BTC\",\"counterparty\":\"rvYAfWj5gh67oV6fW32ZzP3Aw4Eubs59B\"},{\"currency\":\"XRP\",\"counterparty\":\"\"}],\"Happy::Worker::XRP::Exchange\"],[[{\"currency\":\"XRP\",\"counterparty\":\"\"},{\"currency\":\"KRW\",\"counterparty\":\"rUkMKjQitpgAM5WTGk79xpjT38DEJY283d\"}],\"Happy::Worker::XRP::Exchange\"],[[{\"currency\":\"KRW\",\"counterparty\":\"rUkMKjQitpgAM5WTGk79xpjT38DEJY283d\"},{\"currency\":\"KRW\",\"counterparty\":\"Real\"}],\"Happy::Worker::XRP::SimulatedExchange\"]],\"balances\":{\"BTC+rvYAfWj5gh67oV6fW32ZzP3Aw4Eubs59B\":{\"currency\":\"BTC\",\"counterparty\":\"rvYAfWj5gh67oV6fW32ZzP3Aw4Eubs59B\",\"value\":{\"value\":0.0001,\"raw\":\"0.1E-3\"}}}},\"class\":\"Happy::Job\"},{\"currency\":\"BTC\",\"counterparty\":\"rvYAfWj5gh67oV6fW32ZzP3Aw4Eubs59B\"},{\"currency\":\"XRP\",\"counterparty\":\"\"}],\"jid\":\"84205747fe06ecc6d052bff5\",\"enqueued_at\":1427723151.887071}">]
2015-03-30T13:47:27.229Z 6641 TID-c29y8 INFO: Pushed 1 messages back to Redis
2015-03-30T13:47:27.230Z 6641 TID-c1lzg Happy::Worker::XRP::Exchange JID-84205747fe06ecc6d052bff5 INFO: fail: 95.339 sec
2015-03-30T13:48:09.310Z 6974 TID-b14t0 INFO: Running in ruby 2.2.0p0 (2014-12-25 revision 49005) [x86_64-linux]
2015-03-30T13:48:09.310Z 6974 TID-b14t0 INFO: See LICENSE and the LGPL-3.0 for licensing details.
2015-03-30T13:48:09.310Z 6974 TID-b14t0 INFO: Upgrade to Sidekiq Pro for more features and support: http://sidekiq.org/pro
2015-03-30T13:48:09.310Z 6974 TID-b14t0 INFO: Booting Sidekiq 3.3.3 with redis options {}
2015-03-30T13:48:12.178Z 6974 TID-ebcsk Happy::Worker::XRP::Exchange JID-3929ff0dc0f19f40420fc01a INFO: start
0.0001+BTC+rvYAfWj5gh67oV6fW32ZzP3Aw4Eubs59B
0.01039536717691081+BTC+rvYAfWj5gh67oV6fW32ZzP3Aw4Eubs59B
I, [2015-03-30T22:48:14.455117 #6974]  INFO -- : Exchange BTC+rvYAfWj5 to XRP: 0.0001BTC
D, [2015-03-30T22:48:19.796524 #6974] DEBUG -- : balance: ["2.921896+XRP"]
2015-03-30T13:48:19.797Z 6974 TID-ebcsk Happy::Worker::XRP::Exchange JID-3929ff0dc0f19f40420fc01a INFO: done: 7.619 sec
2015-03-30T13:48:19.799Z 6974 TID-ebcsk Happy::Worker::XRP::Exchange JID-c5953c74871aa8701e6ae312 INFO: start
2.921896+XRP
1002.911045+XRP
I, [2015-03-30T22:48:21.885481 #6974]  INFO -- : Exchange XRP to KRW+rUkMKjQi: 2.921896XRP
D, [2015-03-30T22:48:28.862473 #6974] DEBUG -- : balance: ["-0.012+XRP", "26.36920187334552+KRW+rUkMKjQitpgAM5WTGk79xpjT38DEJY283d"]
2015-03-30T13:48:28.866Z 6974 TID-ebcsk Happy::Worker::XRP::Exchange JID-c5953c74871aa8701e6ae312 INFO: done: 9.066 sec
2015-03-30T13:48:28.871Z 6974 TID-ebcsk Happy::Worker::XRP::SimulatedExchange JID-2062a2c86d37699fb1b91025 INFO: start
26.36920187334552+KRW+rUkMKjQitpgAM5WTGk79xpjT38DEJY283d
26.36920187334552+KRW+rUkMKjQitpgAM5WTGk79xpjT38DEJY283d
I, [2015-03-30T22:48:28.875696 #6974]  INFO -- : Exchange KRW+rUkMKjQi to KRW+Real: 26.36920187334552KRW
D, [2015-03-30T22:48:28.876918 #6974] DEBUG -- : balance: ["-0.024+XRP", "26.2373558639787924+KRW+Real"]
2015-03-30T13:48:28.877Z 6974 TID-ebcsk Happy::Worker::XRP::SimulatedExchange JID-2062a2c86d37699fb1b91025 INFO: done: 0.006 sec
